

*******************************************************************************
Wed Apr 17 18:09:36 2024


FIT:    data read from 'data_Lx=16_Lt=6_correlation_polyakovloop.dat' u ($0+1):1:2
        format = x:z:s
        #datapoints = 7
function used for fitting: V(r)
	V(r) = A + B/r + sigma*r
BREAK: Need via and either parameter list or file

*******************************************************************************
Wed Apr 17 18:09:42 2024


FIT:    data read from 'data_Lx=16_Lt=6_correlation_polyakovloop.dat' u ($0+1):1:2
        format = x:z:s
        #datapoints = 7
function used for fitting: V(r)
	V(r) = A + B/r + sigma*r
BREAK: Need via and either parameter list or file

*******************************************************************************
Wed Apr 17 18:10:22 2024


FIT:    data read from 'data_Lx=16_Lt=6_correlation_polyakovloop.dat' u ($0+1):1:2
        format = x:z:s
        #datapoints = 7
function used for fitting: V(x)
	V(r) = A + B/r + sigma*r
BREAK: Need via and either parameter list or file

*******************************************************************************
Wed Apr 17 18:10:47 2024


FIT:    data read from 'data_Lx=16_Lt=6_correlation_polyakovloop.dat' u ($0+1):1:2
        format = x:z:s
        #datapoints = 7
function used for fitting: V(x)
	V(r) = A + B/r + sigma*r
fitted parameters initialized with current variable values



*******************************************************************************
Wed Apr 17 18:11:00 2024


FIT:    data read from 'data_Lx=16_Lt=6_correlation_polyakovloop.dat' u ($0+1):1:2
        format = x:z:s
        #datapoints = 7
function used for fitting: V(x)
	V(x) = A + B/x + sigma*x
fitted parameters initialized with current variable values



*******************************************************************************
Wed Apr 17 18:11:06 2024


FIT:    data read from 'data_Lx=16_Lt=6_correlation_polyakovloop.dat' u ($0+1):1:2
        format = x:z:s
        #datapoints = 7
function used for fitting: V(x)
	V(x) = A + B/x + sigma*x
fitted parameters initialized with current variable values

iter      chisq       delta/lim  lambda   A             B             sigma        
   0 9.8727636107e+04   0.00e+00  4.88e+01    1.000000e+00   1.000000e+00   1.000000e+00
   5 1.0626096637e+00  -2.90e-06  4.88e-04    9.555146e-01  -4.949192e-01   4.155452e-02

After 5 iterations the fit converged.
final sum of squares of residuals : 1.06261
rel. change during last iteration : -2.90409e-11

degrees of freedom    (FIT_NDF)                        : 4
rms of residuals      (FIT_STDFIT) = sqrt(WSSR/ndf)    : 0.515415
variance of residuals (reduced chisquare) = WSSR/ndf   : 0.265652
p-value of the Chisq distribution (FIT_P)              : 0.900158

Final set of parameters            Asymptotic Standard Error
=======================            ==========================
A               = 0.955515         +/- 0.1016       (10.64%)
B               = -0.494919        +/- 0.0776       (15.68%)
sigma           = 0.0415545        +/- 0.02629      (63.27%)

correlation matrix of the fit parameters:
                A      B      sigma  
A               1.000 
B              -0.992  1.000 
sigma          -0.948  0.905  1.000 


*******************************************************************************
Thu May  9 13:38:32 2024


FIT:    data read from 'data_Lx=16_Lt=6_correlation_polyakovloop.dat' u ($0+1):1:2
        format = x:z:s
        #datapoints = 7
function used for fitting: aV(x)
	aV(x) = aA + aB/x + a2sigma*x
BREAK: Need via and either parameter list or file

*******************************************************************************
Thu May  9 13:40:01 2024


FIT:    data read from 'data_Lx=16_Lt=6_correlation_polyakovloop.dat' u ($0+1):1:2
        format = x:z:s
        #datapoints = 7
function used for fitting: aV(x)
	aV(x) = aA + aB/x + a2sigma*x
fitted parameters initialized with current variable values

iter      chisq       delta/lim  lambda   aA            aB            a2sigma      
   0 9.8727636107e+04   0.00e+00  4.88e+01    1.000000e+00   1.000000e+00   1.000000e+00
   5 1.0626096637e+00  -2.90e-06  4.88e-04    9.555146e-01  -4.949192e-01   4.155452e-02

After 5 iterations the fit converged.
final sum of squares of residuals : 1.06261
rel. change during last iteration : -2.90409e-11

degrees of freedom    (FIT_NDF)                        : 4
rms of residuals      (FIT_STDFIT) = sqrt(WSSR/ndf)    : 0.515415
variance of residuals (reduced chisquare) = WSSR/ndf   : 0.265652
p-value of the Chisq distribution (FIT_P)              : 0.900158

Final set of parameters            Asymptotic Standard Error
=======================            ==========================
aA              = 0.955515         +/- 0.1016       (10.64%)
aB              = -0.494919        +/- 0.0776       (15.68%)
a2sigma         = 0.0415545        +/- 0.02629      (63.27%)

correlation matrix of the fit parameters:
                aA     aB     a2sigm 
aA              1.000 
aB             -0.992  1.000 
a2sigma        -0.948  0.905  1.000 


*******************************************************************************
Thu May  9 13:41:12 2024


FIT:    data read from 'data_Lx=16_Lt=6_correlation_polyakovloop.dat' u ($0+1):1:2 yerrors
        format = x:z:s
        #datapoints = 7
function used for fitting: aV(x)
	aV(x) = aA + aB/x + a2sigma*x
fitted parameters initialized with current variable values

iter      chisq       delta/lim  lambda   aA            aB            a2sigma      
   0 1.0626096637e+00   0.00e+00  2.90e+01    9.555146e-01  -4.949192e-01   4.155452e-02
   1 1.0626096637e+00   0.00e+00  2.90e+02    9.555146e-01  -4.949192e-01   4.155452e-02

After 1 iterations the fit converged.
final sum of squares of residuals : 1.06261
rel. change during last iteration : 0

degrees of freedom    (FIT_NDF)                        : 4
rms of residuals      (FIT_STDFIT) = sqrt(WSSR/ndf)    : 0.515415
variance of residuals (reduced chisquare) = WSSR/ndf   : 0.265652
p-value of the Chisq distribution (FIT_P)              : 0.900158

Final set of parameters            Asymptotic Standard Error
=======================            ==========================
aA              = 0.955515         +/- 0.1016       (10.64%)
aB              = -0.494919        +/- 0.0776       (15.68%)
a2sigma         = 0.0415545        +/- 0.02629      (63.27%)

correlation matrix of the fit parameters:
                aA     aB     a2sigm 
aA              1.000 
aB             -0.992  1.000 
a2sigma        -0.948  0.905  1.000 


*******************************************************************************
Thu May  9 13:41:30 2024


FIT:    data read from 'data_Lx=16_Lt=6_correlation_polyakovloop.dat' u ($0+1):1:2 yerrors
        format = x:z:s
        #datapoints = 7
function used for fitting: aV(x)
	aV(x) = aA + aB/x + a2sigma*x
fitted parameters initialized with current variable values

iter      chisq       delta/lim  lambda   aA            aB            a2sigma      
   0 1.0626096637e+00   0.00e+00  2.90e+01    9.555146e-01  -4.949192e-01   4.155452e-02
   1 1.0626096637e+00   0.00e+00  2.90e+02    9.555146e-01  -4.949192e-01   4.155452e-02

After 1 iterations the fit converged.
final sum of squares of residuals : 1.06261
rel. change during last iteration : 0

degrees of freedom    (FIT_NDF)                        : 4
rms of residuals      (FIT_STDFIT) = sqrt(WSSR/ndf)    : 0.515415
variance of residuals (reduced chisquare) = WSSR/ndf   : 0.265652
p-value of the Chisq distribution (FIT_P)              : 0.900158

Final set of parameters            Asymptotic Standard Error
=======================            ==========================
aA              = 0.955515         +/- 0.1016       (10.64%)
aB              = -0.494919        +/- 0.0776       (15.68%)
a2sigma         = 0.0415545        +/- 0.02629      (63.27%)

correlation matrix of the fit parameters:
                aA     aB     a2sigm 
aA              1.000 
aB             -0.992  1.000 
a2sigma        -0.948  0.905  1.000 


*******************************************************************************
Thu May  9 13:55:52 2024


FIT:    data read from 'data_Lx=16_Lt=6_correlation_polyakovloop.dat' u ($0+1):1:2 yerrors
        format = x:z:s
        #datapoints = 7
function used for fitting: aV(x)
	aV(x) = aA - aB/x + a2sigma*x
fitted parameters initialized with current variable values

iter      chisq       delta/lim  lambda   aA            aB            a2sigma      
   0 1.4428725100e+04   0.00e+00  2.90e+01    9.555146e-01  -4.949192e-01   4.155452e-02
   5 1.0626096637e+00  -2.60e-04  2.90e-04    9.555146e-01   4.949192e-01   4.155452e-02

After 5 iterations the fit converged.
final sum of squares of residuals : 1.06261
rel. change during last iteration : -2.6036e-09

degrees of freedom    (FIT_NDF)                        : 4
rms of residuals      (FIT_STDFIT) = sqrt(WSSR/ndf)    : 0.515415
variance of residuals (reduced chisquare) = WSSR/ndf   : 0.265652
p-value of the Chisq distribution (FIT_P)              : 0.900158

Final set of parameters            Asymptotic Standard Error
=======================            ==========================
aA              = 0.955515         +/- 0.1016       (10.64%)
aB              = 0.494919         +/- 0.0776       (15.68%)
a2sigma         = 0.0415545        +/- 0.02629      (63.27%)

correlation matrix of the fit parameters:
                aA     aB     a2sigm 
aA              1.000 
aB              0.992  1.000 
a2sigma        -0.948 -0.905  1.000 
